

The context allocation routine failed when it tried to load localization files!!
One or more following problems may caused the failure

Your sybase home directory is C:\SYBASE. Check the environment variable SYBASE if it is not the one you want!
Using locale name "zh_CN" defined in environment variable LANG
Locale name "zh_CN" doesn't exist in your C:\SYBASE\locales\locales.dat file


The context allocation routine failed when it tried to load localization files!!
One or more following problems may caused the failure

Your sybase home directory is C:\SYBASE. Check the environment variable SYBASE if it is not the one you want!
Using locale name "zh_CN" defined in environment variable LANG
Locale name "zh_CN" doesn't exist in your C:\SYBASE\locales\locales.dat file


The context allocation routine failed when it tried to load localization files!!
One or more following problems may caused the failure

Your sybase home directory is C:\SYBASE. Check the environment variable SYBASE if it is not the one you want!
Using locale name "zh_CN" defined in environment variable LANG
Locale name "zh_CN" doesn't exist in your C:\SYBASE\locales\locales.dat file


The context allocation routine failed when it tried to load localization files!!
One or more following problems may caused the failure

Your sybase home directory is C:\SYBASE. Check the environment variable SYBASE if it is not the one you want!
Using locale name "zh_CN" defined in environment variable LANG
Locale name "zh_CN" doesn't exist in your C:\SYBASE\locales\locales.dat file


The context allocation routine failed when it tried to load localization files!!
One or more following problems may caused the failure

Your sybase home directory is C:\SYBASE. Check the environment variable SYBASE if it is not the one you want!
Using locale name "zh_CN" defined in environment variable LANG
Locale name "zh_CN" doesn't exist in your C:\SYBASE\locales\locales.dat file


The context allocation routine failed when it tried to load localization files!!
One or more following problems may caused the failure

Your sybase home directory is C:\SYBASE. Check the environment variable SYBASE if it is not the one you want!
Using locale name "zh_CN" defined in environment variable LANG
Locale name "zh_CN" doesn't exist in your C:\SYBASE\locales\locales.dat file


The context allocation routine failed when it tried to load localization files!!
One or more following problems may caused the failure

Your sybase home directory is C:\SYBASE. Check the environment variable SYBASE if it is not the one you want!
Using locale name "zh_CN" defined in environment variable LANG
Locale name "zh_CN" doesn't exist in your C:\SYBASE\locales\locales.dat file


The context allocation routine failed when it tried to load localization files!!
One or more following problems may caused the failure

Your sybase home directory is C:\SYBASE. Check the environment variable SYBASE if it is not the one you want!
Using locale name "zh_CN" defined in environment variable LANG
Locale name "zh_CN" doesn't exist in your C:\SYBASE\locales\locales.dat file


The context allocation routine failed when it tried to load localization files!!
One or more following problems may caused the failure

Your sybase home directory is C:\SYBASE. Check the environment variable SYBASE if it is not the one you want!
Using locale name "zh_CN" defined in environment variable LANG
Locale name "zh_CN" doesn't exist in your C:\SYBASE\locales\locales.dat file


The context allocation routine failed when it tried to load localization files!!
One or more following problems may caused the failure

Your sybase home directory is C:\SYBASE. Check the environment variable SYBASE if it is not the one you want!
Using locale name "zh_CN" defined in environment variable LANG
Locale name "zh_CN" doesn't exist in your C:\SYBASE\locales\locales.dat file


The context allocation routine failed when it tried to load localization files!!
One or more following problems may caused the failure

Your sybase home directory is C:\SYBASE. Check the environment variable SYBASE if it is not the one you want!
Using locale name "zh_CN" defined in environment variable LANG
Locale name "zh_CN" doesn't exist in your C:\SYBASE\locales\locales.dat file


The context allocation routine failed when it tried to load localization files!!
One or more following problems may caused the failure

Your sybase home directory is C:\SYBASE. Check the environment variable SYBASE if it is not the one you want!
Using locale name "zh_CN" defined in environment variable LANG
Locale name "zh_CN" doesn't exist in your C:\SYBASE\locales\locales.dat file
